{
  message: 'Database connected successfully',
  level: 'info',
  label: 'right meow!',
  timestamp: '2024-09-06T09:27:08.771Z'
}
{
  message: 'Application listening on port 5000',
  level: 'info',
  label: 'right meow!',
  timestamp: '2024-09-06T09:27:08.779Z'
}
{
  message: 'Database connected successfully',
  level: 'info',
  label: 'right meow!',
  timestamp: '2024-09-06T09:27:27.620Z'
}
{
  message: 'Application listening on port 5000',
  level: 'info',
  label: 'right meow!',
  timestamp: '2024-09-06T09:27:27.625Z'
}
{
  message: 'Database connected successfully',
  level: 'info',
  label: 'right meow!',
  timestamp: '2024-09-06T09:30:43.566Z'
}
{
  message: 'Application listening on port 5000',
  level: 'info',
  label: 'right meow!',
  timestamp: '2024-09-06T09:30:43.573Z'
}
{
  message: 'Database connected successfully',
  level: 'info',
  label: 'right meow!',
  timestamp: '2024-09-06T09:31:13.490Z'
}
{
  message: 'Application listening on port 5000',
  level: 'info',
  label: 'right meow!',
  timestamp: '2024-09-06T09:31:13.496Z'
}
{
  message: 'Database connected successfully',
  level: 'info',
  label: 'right meow!',
  timestamp: '2024-09-06T09:32:55.553Z'
}
{
  message: 'Application listening on port 5000',
  level: 'info',
  label: 'right meow!',
  timestamp: '2024-09-06T09:32:55.560Z'
}
{
  message: 'Database connected successfully',
  level: 'info',
  label: 'right meow!',
  timestamp: '2024-09-06T09:38:33.645Z'
}
{
  message: 'Application listening on port 5000',
  level: 'info',
  label: 'right meow!',
  timestamp: '2024-09-06T09:38:33.651Z'
}
{
  message: 'Database connected successfully',
  level: 'info',
  label: 'right meow!',
  timestamp: '2024-09-06T09:40:33.944Z'
}
{
  message: 'Application listening on port 5000',
  level: 'info',
  label: 'right meow!',
  timestamp: '2024-09-06T09:40:33.949Z'
}
{
  message: 'Database connected successfully',
  level: 'info',
  label: 'right meow!',
  timestamp: '2024-09-06T09:41:48.682Z'
}
{
  message: 'Application listening on port 5000',
  level: 'info',
  label: 'right meow!',
  timestamp: '2024-09-06T09:41:48.688Z'
}
{
  message: 'Database connected successfully',
  level: 'info',
  label: 'right meow!',
  timestamp: '2024-09-06T09:43:10.764Z'
}
{
  message: 'Application listening on port 5000',
  level: 'info',
  label: 'right meow!',
  timestamp: '2024-09-06T09:43:10.769Z'
}
