{
  message: 'Database connected successfully',
  level: 'info',
  label: 'right meow!',
  timestamp: '2024-09-07T08:00:49.862Z'
}
{
  message: 'Application listening on port 5000',
  level: 'info',
  label: 'right meow!',
  timestamp: '2024-09-07T08:00:49.869Z'
}
{
  message: 'Database connected successfully',
  level: 'info',
  label: 'right meow!',
  timestamp: '2024-09-07T08:03:37.654Z'
}
{
  message: 'Application listening on port 5000',
  level: 'info',
  label: 'right meow!',
  timestamp: '2024-09-07T08:03:37.660Z'
}
