{
  message: 'Database connected successfully',
  level: 'info',
  label: 'right meow!',
  timestamp: '2024-09-07T09:33:00.287Z'
}
{
  message: 'Application listening on port 5000',
  level: 'info',
  label: 'right meow!',
  timestamp: '2024-09-07T09:33:00.299Z'
}
{
  message: 'Database connected successfully',
  level: 'info',
  label: 'right meow!',
  timestamp: '2024-09-07T09:41:59.501Z'
}
{
  message: 'Application listening on port 5000',
  level: 'info',
  label: 'right meow!',
  timestamp: '2024-09-07T09:41:59.506Z'
}
{
  message: 'Database connected successfully',
  level: 'info',
  label: 'right meow!',
  timestamp: '2024-09-07T09:44:00.383Z'
}
{
  message: 'Application listening on port 5000',
  level: 'info',
  label: 'right meow!',
  timestamp: '2024-09-07T09:44:00.388Z'
}
{
  message: 'Database connected successfully',
  level: 'info',
  label: 'right meow!',
  timestamp: '2024-09-07T09:55:02.555Z'
}
{
  message: 'Application listening on port 5000',
  level: 'info',
  label: 'right meow!',
  timestamp: '2024-09-07T09:55:02.562Z'
}
{
  message: 'Database connected successfully',
  level: 'info',
  label: 'right meow!',
  timestamp: '2024-09-07T09:55:56.838Z'
}
{
  message: 'Application listening on port 5000',
  level: 'info',
  label: 'right meow!',
  timestamp: '2024-09-07T09:55:56.844Z'
}
{
  message: 'Database connected successfully',
  level: 'info',
  label: 'right meow!',
  timestamp: '2024-09-07T09:56:05.152Z'
}
{
  message: 'Application listening on port 5000',
  level: 'info',
  label: 'right meow!',
  timestamp: '2024-09-07T09:56:05.157Z'
}
{
  message: 'Database connected successfully',
  level: 'info',
  label: 'right meow!',
  timestamp: '2024-09-07T09:56:08.955Z'
}
{
  message: 'Application listening on port 5000',
  level: 'info',
  label: 'right meow!',
  timestamp: '2024-09-07T09:56:08.962Z'
}
{
  message: 'Database connected successfully',
  level: 'info',
  label: 'right meow!',
  timestamp: '2024-09-07T09:59:13.404Z'
}
{
  message: 'Application listening on port 5000',
  level: 'info',
  label: 'right meow!',
  timestamp: '2024-09-07T09:59:13.408Z'
}
{
  message: 'Database connected successfully',
  level: 'info',
  label: 'right meow!',
  timestamp: '2024-09-07T09:59:33.907Z'
}
{
  message: 'Application listening on port 5000',
  level: 'info',
  label: 'right meow!',
  timestamp: '2024-09-07T09:59:33.913Z'
}
