{
  message: 'Database connected successfully',
  level: 'info',
  label: 'right meow!',
  timestamp: '2024-09-07T12:41:25.203Z'
}
{
  message: 'Application listening on port 5000',
  level: 'info',
  label: 'right meow!',
  timestamp: '2024-09-07T12:41:25.214Z'
}
{
  message: 'Database connected successfully',
  level: 'info',
  label: 'right meow!',
  timestamp: '2024-09-07T12:43:09.219Z'
}
{
  message: 'Application listening on port 5000',
  level: 'info',
  label: 'right meow!',
  timestamp: '2024-09-07T12:43:09.223Z'
}
{
  message: 'Database connected successfully',
  level: 'info',
  label: 'right meow!',
  timestamp: '2024-09-07T12:43:16.274Z'
}
{
  message: 'Application listening on port 5000',
  level: 'info',
  label: 'right meow!',
  timestamp: '2024-09-07T12:43:16.282Z'
}
{
  message: 'Database connected successfully',
  level: 'info',
  label: 'right meow!',
  timestamp: '2024-09-07T12:44:42.199Z'
}
{
  message: 'Application listening on port 5000',
  level: 'info',
  label: 'right meow!',
  timestamp: '2024-09-07T12:44:42.206Z'
}
{
  message: 'Database connected successfully',
  level: 'info',
  label: 'right meow!',
  timestamp: '2024-09-07T12:44:59.169Z'
}
{
  message: 'Application listening on port 5000',
  level: 'info',
  label: 'right meow!',
  timestamp: '2024-09-07T12:44:59.175Z'
}
{
  message: 'Database connected successfully',
  level: 'info',
  label: 'right meow!',
  timestamp: '2024-09-07T12:45:15.129Z'
}
{
  message: 'Application listening on port 5000',
  level: 'info',
  label: 'right meow!',
  timestamp: '2024-09-07T12:45:15.135Z'
}
{
  message: 'Database connected successfully',
  level: 'info',
  label: 'right meow!',
  timestamp: '2024-09-07T12:45:48.559Z'
}
{
  message: 'Application listening on port 5000',
  level: 'info',
  label: 'right meow!',
  timestamp: '2024-09-07T12:45:48.566Z'
}
{
  message: 'Database connected successfully',
  level: 'info',
  label: 'right meow!',
  timestamp: '2024-09-07T12:47:36.874Z'
}
{
  message: 'Application listening on port 5000',
  level: 'info',
  label: 'right meow!',
  timestamp: '2024-09-07T12:47:36.879Z'
}
