{
  message: 'Database connected successfully',
  level: 'info',
  label: 'right meow!',
  timestamp: '2024-09-12T07:17:23.921Z'
}
{
  message: 'Application listening on port 5000',
  level: 'info',
  label: 'right meow!',
  timestamp: '2024-09-12T07:17:23.929Z'
}
{
  message: 'Database connected successfully',
  level: 'info',
  label: 'right meow!',
  timestamp: '2024-09-12T07:17:42.818Z'
}
{
  message: 'Application listening on port 5000',
  level: 'info',
  label: 'right meow!',
  timestamp: '2024-09-12T07:17:42.825Z'
}
{
  message: 'Database connected successfully',
  level: 'info',
  label: 'right meow!',
  timestamp: '2024-09-12T07:20:12.233Z'
}
{
  message: 'Application listening on port 5000',
  level: 'info',
  label: 'right meow!',
  timestamp: '2024-09-12T07:20:12.240Z'
}
