{
  errno: undefined,
  code: 'ECONNREFUSED',
  syscall: 'querySrv',
  hostname: '_mongodb._tcp.cluster0.o4eynrq.mongodb.net',
  level: 'error',
  message: 'Failed to connect to Database  querySrv ECONNREFUSED _mongodb._tcp.cluster0.o4eynrq.mongodb.net',
  stack: 'Error: querySrv ECONNREFUSED _mongodb._tcp.cluster0.o4eynrq.mongodb.net\n' +
    '    at QueryReqWrap.onresolve [as oncomplete] (node:internal/dns/promises:251:17)',
  label: 'right meow!',
  timestamp: '2024-09-09T09:02:25.927Z'
}
{
  errno: undefined,
  code: 'ECONNREFUSED',
  syscall: 'querySrv',
  hostname: '_mongodb._tcp.cluster0.o4eynrq.mongodb.net',
  level: 'error',
  message: 'Failed to connect to Database  querySrv ECONNREFUSED _mongodb._tcp.cluster0.o4eynrq.mongodb.net',
  stack: 'Error: querySrv ECONNREFUSED _mongodb._tcp.cluster0.o4eynrq.mongodb.net\n' +
    '    at QueryReqWrap.onresolve [as oncomplete] (node:internal/dns/promises:251:17)',
  label: 'right meow!',
  timestamp: '2024-09-09T09:03:45.119Z'
}
